============================================================
   Tang Dynasty, V4.6.14756
   Copyright:   Shanghai Anlogic Infotech Co., Ltd.
                2011 - 2021
   Executable = F:/Anlogic/TD4.6.3/bin/td.exe
   Built at =   17:01:29 Oct 21 2019
   Run by =     Administrator
   Run Date =   Thu Jan 16 22:03:00 2020

   Run on =     PC-20190124GFMB
============================================================
RUN-1002 : start command "open_project Quick_Start.al"
HDL-1007 : analyze verilog file al_ip/AL_MCU.v
HDL-1007 : analyze verilog file src/quick_start.v
HDL-1007 : analyze verilog file al_ip/sys_pll.v
RUN-1002 : start command "import_device ef2_4.db -package EF2M45LG48B"
ARC-1001 : Device Initialization.
ARC-1001 : -----------------------------------------------------
ARC-1001 :       OPTION       |        IO         |   SETTING   
ARC-1001 : -----------------------------------------------------
ARC-1001 :      programn      |        P4         |  dedicated  
ARC-1001 :   tdi/tms/tck/tdo  |  P13/P11/P12/P14  |  dedicated  
ARC-1001 : -----------------------------------------------------
ARC-1004 : Device setting, marked 5 dedicate IOs in total.
RUN-1002 : start command "import_db Quick_Start_pr.db"
RUN-1001 : Importing database generated by Tang Dynasty, V4.6.14756.
RUN-1001 : Database version number 46116.
RUN-1001 : Import IO constraints
RUN-1001 : Import Inst constraints
RUN-1001 : Import flow parameters
RUN-1002 : start command "import_db Quick_Start_pr.db"
RUN-1001 : Importing database generated by Tang Dynasty, V4.6.14756.
RUN-1001 : Database version number 46116.
RUN-1001 : Import IO constraints
RUN-1001 : Import Inst constraints
RUN-1001 : Import flow parameters
RUN-1002 : start command "bitgen -bit Quick_Start.bit -version 0X00 -g ucode:00000000000000000000000000000000 -f Quick_Start.btc"
BIT-1003 : Start to generate bitstream. 
BIT-1002 : Init instances with 4 threads.
BIT-1002 : Init instances completely, inst num: 31
BIT-1002 : Init pips with 4 threads.
BIT-1002 : Init pips completely, net num: 76, pip num: 458
BIT-1003 : Multithreading accelaration with 4 threads.
BIT-1003 : Generate bitstream completely, there are 150 valid insts, and 1174 bits set as '1'.
BIT-5701 WARNING: Bitgen: please specify valid MCU start RAM (128/256).
BIT-1004 : Generate bits file Quick_Start.bit.
RUN-1002 : start command "import_db Quick_Start_pr.db"
RUN-1001 : Importing database generated by Tang Dynasty, V4.6.14756.
RUN-1001 : Database version number 46116.
RUN-1001 : Import IO constraints
RUN-1001 : Import Inst constraints
RUN-1001 : Import flow parameters
RUN-1002 : start command "bitgen -bit Quick_Start.bit -version 0X00 -128 ../ArduinoProject/Blink_led/Blink/Blink/Blink.ino.generic_stm32f103c.bin -g ucode:00000000000000000000000000000000 -f Quick_Start.btc"
BIT-1003 : Start to generate bitstream. 
BIT-1002 : Init instances with 4 threads.
BIT-1002 : Init instances completely, inst num: 31
BIT-1002 : Init pips with 4 threads.
BIT-1002 : Init pips completely, net num: 76, pip num: 458
BIT-1003 : Multithreading accelaration with 4 threads.
BIT-1003 : Generate bitstream completely, there are 150 valid insts, and 1174 bits set as '1'.
BIT-1004 : Generate bits file Quick_Start.bit.
RUN-1002 : start command "download -bit Quick_Start.bit -mode program_spi -v -spd 6 -sec 64 -cable 0"
PRG-2014 : Chip validation success: EF2M45B
RUN-1002 : start command "bit_to_vec -chip EF2M45B -m program_spi -bit Quick_Start.bit"
RUN-1003 : finish command "bit_to_vec -chip EF2M45B -m program_spi -bit Quick_Start.bit" in  1.038557s wall, 0.920406s user + 0.140401s system = 1.060807s CPU (102.1%)

RUN-1004 : used memory is 239 MB, reserved memory is 206 MB, peak memory is 242 MB
RUN-1002 : start command "program_spief -cable 0 -spd 6"
RUN-1003 : finish command "program_spief -cable 0 -spd 6" in  30.166999s wall, 2.901619s user + 0.421203s system = 3.322821s CPU (11.0%)

RUN-1004 : used memory is 240 MB, reserved memory is 207 MB, peak memory is 243 MB
RUN-1002 : start command "bit_to_vec -chip EF2M45B -m verify_spi -bit Quick_Start.bit"
RUN-1002 : start command "program -cable 0 -spd 4"
RUN-1003 : finish command "program -cable 0 -spd 4" in  7.136300s wall, 0.405603s user + 0.109201s system = 0.514803s CPU (7.2%)

RUN-1004 : used memory is 185 MB, reserved memory is 151 MB, peak memory is 243 MB
RUN-1002 : start command "program -cable 0 -spd 1"
RUN-1003 : finish command "download -bit Quick_Start.bit -mode program_spi -v -spd 6 -sec 64 -cable 0" in  39.542414s wall, 4.664430s user + 0.748805s system = 5.413235s CPU (13.7%)

RUN-1004 : used memory is 150 MB, reserved memory is 116 MB, peak memory is 243 MB
GUI-1001 : Download success!
RUN-1002 : start command "import_db Quick_Start_pr.db"
RUN-1001 : Importing database generated by Tang Dynasty, V4.6.14756.
RUN-1001 : Database version number 46116.
RUN-1001 : Import IO constraints
RUN-1001 : Import Inst constraints
RUN-1001 : Import flow parameters
RUN-1002 : start command "bitgen -bit Quick_Start.bit -version 0X00 -g ucode:00000000000000000000000000000000 -f Quick_Start.btc"
BIT-1003 : Start to generate bitstream. 
BIT-1002 : Init instances with 4 threads.
BIT-1002 : Init instances completely, inst num: 31
BIT-1002 : Init pips with 4 threads.
BIT-1002 : Init pips completely, net num: 76, pip num: 458
BIT-1003 : Multithreading accelaration with 4 threads.
BIT-1003 : Generate bitstream completely, there are 150 valid insts, and 1174 bits set as '1'.
BIT-5701 WARNING: Bitgen: please specify valid MCU start RAM (128/256).
BIT-1004 : Generate bits file Quick_Start.bit.
RUN-1002 : start command "import_db Quick_Start_pr.db"
RUN-1001 : Importing database generated by Tang Dynasty, V4.6.14756.
RUN-1001 : Database version number 46116.
RUN-1001 : Import IO constraints
RUN-1001 : Import Inst constraints
RUN-1001 : Import flow parameters
RUN-1002 : start command "bitgen -bit Quick_Start.bit -version 0X00 -128 ../ArduinoProject/Blink_led/Blink/Blink/Blink.ino.generic_stm32f103c.bin -g ucode:00000000000000000000000000000000 -f Quick_Start.btc"
BIT-1003 : Start to generate bitstream. 
BIT-1002 : Init instances with 4 threads.
BIT-1002 : Init instances completely, inst num: 31
BIT-1002 : Init pips with 4 threads.
BIT-1002 : Init pips completely, net num: 76, pip num: 458
BIT-1003 : Multithreading accelaration with 4 threads.
BIT-1003 : Generate bitstream completely, there are 150 valid insts, and 1174 bits set as '1'.
BIT-1004 : Generate bits file Quick_Start.bit.
RUN-1002 : start command "download -bit Quick_Start.bit -mode program_spi -v -spd 6 -sec 64 -cable 0"
PRG-2014 : Chip validation success: EF2M45B
RUN-1002 : start command "bit_to_vec -chip EF2M45B -m program_spi -bit Quick_Start.bit"
RUN-1002 : start command "program_spief -cable 0 -spd 6"
RUN-1003 : finish command "program_spief -cable 0 -spd 6" in  29.083022s wall, 1.965613s user + 0.093601s system = 2.059213s CPU (7.1%)

RUN-1004 : used memory is 246 MB, reserved memory is 212 MB, peak memory is 248 MB
RUN-1002 : start command "bit_to_vec -chip EF2M45B -m verify_spi -bit Quick_Start.bit"
RUN-1002 : start command "program -cable 0 -spd 4"
RUN-1003 : finish command "program -cable 0 -spd 4" in  7.178179s wall, 0.358802s user + 0.140401s system = 0.499203s CPU (7.0%)

RUN-1004 : used memory is 190 MB, reserved memory is 156 MB, peak memory is 248 MB
RUN-1002 : start command "program -cable 0 -spd 1"
RUN-1003 : finish command "download -bit Quick_Start.bit -mode program_spi -v -spd 6 -sec 64 -cable 0" in  38.379573s wall, 3.634823s user + 0.327602s system = 3.962425s CPU (10.3%)

RUN-1004 : used memory is 155 MB, reserved memory is 122 MB, peak memory is 248 MB
GUI-1001 : Download success!
