============================================================
   Tang Dynasty, V4.6.14756
   Copyright:   Shanghai Anlogic Infotech Co., Ltd.
                2011 - 2021
   Executable = F:/Anlogic/TD4.6.3/bin/td.exe
   Built at =   17:01:29 Oct 21 2019
   Run by =     Administrator
   Run Date =   Wed Jan  8 18:36:00 2020

   Run on =     PC-20190124GFMB
============================================================
RUN-1002 : start command "open_project Quick_Start.al"
HDL-1007 : analyze verilog file al_ip/sys_pll.v
HDL-1007 : analyze verilog file al_ip/AL_MCU.v
HDL-1007 : analyze verilog file src/quick_start.v
RUN-1002 : start command "import_device ef2_4.db -package EF2M45LG48B"
ARC-1001 : Device Initialization.
ARC-1001 : -----------------------------------------------------
ARC-1001 :       OPTION       |        IO         |   SETTING   
ARC-1001 : -----------------------------------------------------
ARC-1001 :      programn      |        P4         |  dedicated  
ARC-1001 :   tdi/tms/tck/tdo  |  P13/P11/P12/P14  |  dedicated  
ARC-1001 : -----------------------------------------------------
ARC-1004 : Device setting, marked 5 dedicate IOs in total.
